# JRE version: OpenJDK Runtime Environment Temurin-17.0.4+8 (17.0.4+8) (build 17.0.4+8)
# Java VM: OpenJDK 64-Bit Server VM Temurin-17.0.4+8 (17.0.4+8, mixed mode, tiered, compressed oops, compressed class ptrs, g1 gc, windows-amd64)
GC Precious Log:
 CPUs: 4 total, 4 available
 Memory: 8083M
 Large Page Support: Disabled
 NUMA Support: Disabled
 Compressed Oops: Enabled (32-bit)
 Heap Region Size: 1M
 Heap Min Capacity: 8M
 Heap Initial Capacity: 128M
 Heap Max Capacity: 2022M
 Pre-touch: Disabled
 Parallel Workers: 4
 Concurrent Workers: 1
 Concurrent Refinement Workers: 4
 Periodic GC: Disabled
Heap:
 garbage-first heap   total 53248K, used 29914K [0x0000000081a00000, 0x0000000100000000)
  region size 1024K, 3 young (3072K), 1 survivors (1024K)
 Metaspace       used 70597K, committed 71040K, reserved 1114112K
  class space    used 8780K, committed 9024K, reserved 1048576K
GC Heap History (20 events):
Event: 1524.564 GC heap before
{Heap before GC invocations=155 (full 0):
 garbage-first heap   total 53248K, used 44120K [0x0000000081a00000, 0x0000000100000000)
  region size 1024K, 16 young (16384K), 1 survivors (1024K)
 Metaspace       used 70594K, committed 71040K, reserved 1114112K
  class space    used 8780K, committed 9024K, reserved 1048576K
}
Event: 1524.565 GC heap after
{Heap after GC invocations=156 (full 0):
 garbage-first heap   total 53248K, used 28751K [0x0000000081a00000, 0x0000000100000000)
  region size 1024K, 1 young (1024K), 1 survivors (1024K)
 Metaspace       used 70594K, committed 71040K, reserved 1114112K
  class space    used 8780K, committed 9024K, reserved 1048576K
}
Event: 1526.920 GC heap before
{Heap before GC invocations=156 (full 0):
 garbage-first heap   total 53248K, used 44111K [0x0000000081a00000, 0x0000000100000000)
  region size 1024K, 16 young (16384K), 1 survivors (1024K)
 Metaspace       used 70594K, committed 71040K, reserved 1114112K
  class space    used 8780K, committed 9024K, reserved 1048576K
}
Event: 1526.922 GC heap after
{Heap after GC invocations=157 (full 0):
 garbage-first heap   total 53248K, used 28765K [0x0000000081a00000, 0x0000000100000000)
  region size 1024K, 1 young (1024K), 1 survivors (1024K)
 Metaspace       used 70594K, committed 71040K, reserved 1114112K
  class space    used 8780K, committed 9024K, reserved 1048576K
}
Event: 1529.754 GC heap before
{Heap before GC invocations=158 (full 0):
 garbage-first heap   total 53248K, used 44125K [0x0000000081a00000, 0x0000000100000000)
  region size 1024K, 16 young (16384K), 1 survivors (1024K)
 Metaspace       used 70595K, committed 71040K, reserved 1114112K
  class space    used 8780K, committed 9024K, reserved 1048576K
}
Event: 1529.755 GC heap after
{Heap after GC invocations=159 (full 0):
 garbage-first heap   total 53248K, used 28761K [0x0000000081a00000, 0x0000000100000000)
  region size 1024K, 1 young (1024K), 1 survivors (1024K)
 Metaspace       used 70595K, committed 71040K, reserved 1114112K
  class space    used 8780K, committed 9024K, reserved 1048576K
}
Event: 1532.294 GC heap before
{Heap before GC invocations=159 (full 0):
 garbage-first heap   total 53248K, used 44121K [0x0000000081a00000, 0x0000000100000000)
  region size 1024K, 16 young (16384K), 1 survivors (1024K)
 Metaspace       used 70595K, committed 71040K, reserved 1114112K
  class space    used 8780K, committed 9024K, reserved 1048576K
}
Event: 1532.296 GC heap after
{Heap after GC invocations=160 (full 0):
 garbage-first heap   total 53248K, used 28784K [0x0000000081a00000, 0x0000000100000000)
  region size 1024K, 1 young (1024K), 1 survivors (1024K)
 Metaspace       used 70595K, committed 71040K, reserved 1114112K
  class space    used 8780K, committed 9024K, reserved 1048576K
}
Event: 1535.144 GC heap before
{Heap before GC invocations=161 (full 0):
 garbage-first heap   total 53248K, used 44144K [0x0000000081a00000, 0x0000000100000000)
  region size 1024K, 16 young (16384K), 1 survivors (1024K)
 Metaspace       used 70597K, committed 71040K, reserved 1114112K
  class space    used 8780K, committed 9024K, reserved 1048576K
}
Event: 1535.145 GC heap after
{Heap after GC invocations=162 (full 0):
 garbage-first heap   total 53248K, used 28760K [0x0000000081a00000, 0x0000000100000000)
  region size 1024K, 1 young (1024K), 1 survivors (1024K)
 Metaspace       used 70597K, committed 71040K, reserved 1114112K
  class space    used 8780K, committed 9024K, reserved 1048576K
}
Event: 1538.028 GC heap before
{Heap before GC invocations=162 (full 0):
 garbage-first heap   total 53248K, used 44120K [0x0000000081a00000, 0x0000000100000000)
  region size 1024K, 16 young (16384K), 1 survivors (1024K)
 Metaspace       used 70597K, committed 71040K, reserved 1114112K
  class space    used 8780K, committed 9024K, reserved 1048576K
}
Event: 1538.030 GC heap after
{Heap after GC invocations=163 (full 0):
 garbage-first heap   total 53248K, used 28766K [0x0000000081a00000, 0x0000000100000000)
  region size 1024K, 1 young (1024K), 1 survivors (1024K)
 Metaspace       used 70597K, committed 71040K, reserved 1114112K
  class space    used 8780K, committed 9024K, reserved 1048576K
}
Event: 1541.041 GC heap before
{Heap before GC invocations=164 (full 0):
 garbage-first heap   total 53248K, used 44126K [0x0000000081a00000, 0x0000000100000000)
  region size 1024K, 16 young (16384K), 1 survivors (1024K)
 Metaspace       used 70597K, committed 71040K, reserved 1114112K
  class space    used 8780K, committed 9024K, reserved 1048576K
}
Event: 1541.042 GC heap after
{Heap after GC invocations=165 (full 0):
 garbage-first heap   total 53248K, used 28768K [0x0000000081a00000, 0x0000000100000000)
  region size 1024K, 1 young (1024K), 1 survivors (1024K)
 Metaspace       used 70597K, committed 71040K, reserved 1114112K
  class space    used 8780K, committed 9024K, reserved 1048576K
}
Event: 1543.891 GC heap before
{Heap before GC invocations=165 (full 0):
 garbage-first heap   total 53248K, used 44128K [0x0000000081a00000, 0x0000000100000000)
  region size 1024K, 16 young (16384K), 1 survivors (1024K)
 Metaspace       used 70597K, committed 71040K, reserved 1114112K
  class space    used 8780K, committed 9024K, reserved 1048576K
}
Event: 1543.892 GC heap after
{Heap after GC invocations=166 (full 0):
 garbage-first heap   total 53248K, used 28782K [0x0000000081a00000, 0x0000000100000000)
  region size 1024K, 1 young (1024K), 1 survivors (1024K)
 Metaspace       used 70597K, committed 71040K, reserved 1114112K
  class space    used 8780K, committed 9024K, reserved 1048576K
}
Event: 1549.500 GC heap before
{Heap before GC invocations=167 (full 0):
 garbage-first heap   total 53248K, used 44142K [0x0000000081a00000, 0x0000000100000000)
  region size 1024K, 16 young (16384K), 1 survivors (1024K)
 Metaspace       used 70597K, committed 71040K, reserved 1114112K
  class space    used 8780K, committed 9024K, reserved 1048576K
}
Event: 1549.501 GC heap after
{Heap after GC invocations=168 (full 0):
 garbage-first heap   total 53248K, used 28758K [0x0000000081a00000, 0x0000000100000000)
  region size 1024K, 1 young (1024K), 1 survivors (1024K)
 Metaspace       used 70597K, committed 71040K, reserved 1114112K
  class space    used 8780K, committed 9024K, reserved 1048576K
}
Event: 1549.936 GC heap before
{Heap before GC invocations=168 (full 0):
 garbage-first heap   total 53248K, used 44118K [0x0000000081a00000, 0x0000000100000000)
  region size 1024K, 16 young (16384K), 1 survivors (1024K)
 Metaspace       used 70597K, committed 71040K, reserved 1114112K
  class space    used 8780K, committed 9024K, reserved 1048576K
}
Event: 1549.938 GC heap after
{Heap after GC invocations=169 (full 0):
 garbage-first heap   total 53248K, used 28890K [0x0000000081a00000, 0x0000000100000000)
  region size 1024K, 1 young (1024K), 1 survivors (1024K)
 Metaspace       used 70597K, committed 71040K, reserved 1114112K
  class space    used 8780K, committed 9024K, reserved 1048576K
}

